<?xml version="1.0" encoding="UTF-8"?>
<testsuite xmlns:xsi="http://www.w3.org/2001/XMLSchema-instance" xsi:noNamespaceSchemaLocation="https://maven.apache.org/surefire/maven-surefire-plugin/xsd/surefire-test-report.xsd" name="com.nnk.springboot.HomeControllerTests" time="0.979" tests="1" errors="0" skipped="0" failures="0">
  <properties>
    <property name="java.specification.version" value="17"/>
    <property name="sun.cpu.isalist" value="amd64"/>
    <property name="sun.jnu.encoding" value="Cp1252"/>
    <property name="java.class.path" value="c:\Users\kls_k\OneDrive\Documents\GitHub\JavaDA_PROJECT7_RESTAPI\target\test-classes;c:\Users\kls_k\OneDrive\Documents\GitHub\JavaDA_PROJECT7_RESTAPI\target\classes;C:\Users\kls_k\.m2\repository\org\springframework\boot\spring-boot-starter-security\3.0.6\spring-boot-starter-security-3.0.6.jar;C:\Users\kls_k\.m2\repository\org\springframework\spring-aop\6.0.8\spring-aop-6.0.8.jar;C:\Users\kls_k\.m2\repository\org\springframework\security\spring-security-web\6.0.3\spring-security-web-6.0.3.jar;C:\Users\kls_k\.m2\repository\org\springframework\spring-expression\6.0.8\spring-expression-6.0.8.jar;C:\Users\kls_k\.m2\repository\org\springframework\security\spring-security-config\6.0.3\spring-security-config-6.0.3.jar;C:\Users\kls_k\.m2\repository\org\springframework\security\spring-security-core\6.0.3\spring-security-core-6.0.3.jar;C:\Users\kls_k\.m2\repository\org\springframework\security\spring-security-crypto\6.0.3\spring-security-crypto-6.0.3.jar;C:\Users\kls_k\.m2\repository\io\micrometer\micrometer-observation\1.10.6\micrometer-observation-1.10.6.jar;C:\Users\kls_k\.m2\repository\io\micrometer\micrometer-commons\1.10.6\micrometer-commons-1.10.6.jar;C:\Users\kls_k\.m2\repository\org\springframework\spring-beans\6.0.8\spring-beans-6.0.8.jar;C:\Users\kls_k\.m2\repository\org\springframework\spring-context\6.0.8\spring-context-6.0.8.jar;C:\Users\kls_k\.m2\repository\org\springframework\spring-core\6.0.8\spring-core-6.0.8.jar;C:\Users\kls_k\.m2\repository\org\springframework\spring-jcl\6.0.8\spring-jcl-6.0.8.jar;C:\Users\kls_k\.m2\repository\org\springframework\boot\spring-boot-starter-web\3.0.6\spring-boot-starter-web-3.0.6.jar;C:\Users\kls_k\.m2\repository\org\springframework\boot\spring-boot-starter-json\3.0.6\spring-boot-starter-json-3.0.6.jar;C:\Users\kls_k\.m2\repository\com\fasterxml\jackson\core\jackson-databind\2.14.2\jackson-databind-2.14.2.jar;C:\Users\kls_k\.m2\repository\com\fasterxml\jackson\core\jackson-annotations\2.14.2\jackson-annotations-2.14.2.jar;C:\Users\kls_k\.m2\repository\com\fasterxml\jackson\core\jackson-core\2.14.2\jackson-core-2.14.2.jar;C:\Users\kls_k\.m2\repository\com\fasterxml\jackson\datatype\jackson-datatype-jdk8\2.14.2\jackson-datatype-jdk8-2.14.2.jar;C:\Users\kls_k\.m2\repository\com\fasterxml\jackson\datatype\jackson-datatype-jsr310\2.14.2\jackson-datatype-jsr310-2.14.2.jar;C:\Users\kls_k\.m2\repository\com\fasterxml\jackson\module\jackson-module-parameter-names\2.14.2\jackson-module-parameter-names-2.14.2.jar;C:\Users\kls_k\.m2\repository\org\springframework\boot\spring-boot-starter-tomcat\3.0.6\spring-boot-starter-tomcat-3.0.6.jar;C:\Users\kls_k\.m2\repository\org\apache\tomcat\embed\tomcat-embed-core\10.1.8\tomcat-embed-core-10.1.8.jar;C:\Users\kls_k\.m2\repository\org\apache\tomcat\embed\tomcat-embed-el\10.1.8\tomcat-embed-el-10.1.8.jar;C:\Users\kls_k\.m2\repository\org\apache\tomcat\embed\tomcat-embed-websocket\10.1.8\tomcat-embed-websocket-10.1.8.jar;C:\Users\kls_k\.m2\repository\org\springframework\spring-web\6.0.8\spring-web-6.0.8.jar;C:\Users\kls_k\.m2\repository\org\springframework\spring-webmvc\6.0.8\spring-webmvc-6.0.8.jar;C:\Users\kls_k\.m2\repository\org\springframework\boot\spring-boot-starter-data-jpa\3.0.6\spring-boot-starter-data-jpa-3.0.6.jar;C:\Users\kls_k\.m2\repository\org\springframework\boot\spring-boot-starter-aop\3.0.6\spring-boot-starter-aop-3.0.6.jar;C:\Users\kls_k\.m2\repository\org\aspectj\aspectjweaver\1.9.19\aspectjweaver-1.9.19.jar;C:\Users\kls_k\.m2\repository\org\springframework\boot\spring-boot-starter-jdbc\3.0.6\spring-boot-starter-jdbc-3.0.6.jar;C:\Users\kls_k\.m2\repository\com\zaxxer\HikariCP\5.0.1\HikariCP-5.0.1.jar;C:\Users\kls_k\.m2\repository\org\springframework\spring-jdbc\6.0.8\spring-jdbc-6.0.8.jar;C:\Users\kls_k\.m2\repository\org\hibernate\orm\hibernate-core\6.1.7.Final\hibernate-core-6.1.7.Final.jar;C:\Users\kls_k\.m2\repository\jakarta\persistence\jakarta.persistence-api\3.1.0\jakarta.persistence-api-3.1.0.jar;C:\Users\kls_k\.m2\repository\jakarta\transaction\jakarta.transaction-api\2.0.1\jakarta.transaction-api-2.0.1.jar;C:\Users\kls_k\.m2\repository\org\hibernate\common\hibernate-commons-annotations\6.0.6.Final\hibernate-commons-annotations-6.0.6.Final.jar;C:\Users\kls_k\.m2\repository\org\jboss\jandex\2.4.2.Final\jandex-2.4.2.Final.jar;C:\Users\kls_k\.m2\repository\org\glassfish\jaxb\jaxb-runtime\4.0.2\jaxb-runtime-4.0.2.jar;C:\Users\kls_k\.m2\repository\org\glassfish\jaxb\jaxb-core\4.0.2\jaxb-core-4.0.2.jar;C:\Users\kls_k\.m2\repository\org\eclipse\angus\angus-activation\2.0.0\angus-activation-2.0.0.jar;C:\Users\kls_k\.m2\repository\org\glassfish\jaxb\txw2\4.0.2\txw2-4.0.2.jar;C:\Users\kls_k\.m2\repository\com\sun\istack\istack-commons-runtime\4.1.1\istack-commons-runtime-4.1.1.jar;C:\Users\kls_k\.m2\repository\jakarta\inject\jakarta.inject-api\2.0.0\jakarta.inject-api-2.0.0.jar;C:\Users\kls_k\.m2\repository\org\antlr\antlr4-runtime\4.10.1\antlr4-runtime-4.10.1.jar;C:\Users\kls_k\.m2\repository\org\springframework\data\spring-data-jpa\3.0.5\spring-data-jpa-3.0.5.jar;C:\Users\kls_k\.m2\repository\org\springframework\data\spring-data-commons\3.0.5\spring-data-commons-3.0.5.jar;C:\Users\kls_k\.m2\repository\org\springframework\spring-orm\6.0.8\spring-orm-6.0.8.jar;C:\Users\kls_k\.m2\repository\org\springframework\spring-tx\6.0.8\spring-tx-6.0.8.jar;C:\Users\kls_k\.m2\repository\org\slf4j\slf4j-api\2.0.7\slf4j-api-2.0.7.jar;C:\Users\kls_k\.m2\repository\org\springframework\spring-aspects\6.0.8\spring-aspects-6.0.8.jar;C:\Users\kls_k\.m2\repository\com\mysql\mysql-connector-j\8.0.33\mysql-connector-j-8.0.33.jar;C:\Users\kls_k\.m2\repository\org\springframework\boot\spring-boot-starter-thymeleaf\3.0.6\spring-boot-starter-thymeleaf-3.0.6.jar;C:\Users\kls_k\.m2\repository\org\thymeleaf\thymeleaf-spring6\3.1.1.RELEASE\thymeleaf-spring6-3.1.1.RELEASE.jar;C:\Users\kls_k\.m2\repository\org\thymeleaf\thymeleaf\3.1.1.RELEASE\thymeleaf-3.1.1.RELEASE.jar;C:\Users\kls_k\.m2\repository\org\attoparser\attoparser\2.0.6.RELEASE\attoparser-2.0.6.RELEASE.jar;C:\Users\kls_k\.m2\repository\org\unbescape\unbescape\1.1.6.RELEASE\unbescape-1.1.6.RELEASE.jar;C:\Users\kls_k\.m2\repository\org\springframework\boot\spring-boot-starter-test\3.0.6\spring-boot-starter-test-3.0.6.jar;C:\Users\kls_k\.m2\repository\org\springframework\boot\spring-boot-test\3.0.6\spring-boot-test-3.0.6.jar;C:\Users\kls_k\.m2\repository\org\springframework\boot\spring-boot-test-autoconfigure\3.0.6\spring-boot-test-autoconfigure-3.0.6.jar;C:\Users\kls_k\.m2\repository\com\jayway\jsonpath\json-path\2.7.0\json-path-2.7.0.jar;C:\Users\kls_k\.m2\repository\net\minidev\json-smart\2.4.10\json-smart-2.4.10.jar;C:\Users\kls_k\.m2\repository\net\minidev\accessors-smart\2.4.9\accessors-smart-2.4.9.jar;C:\Users\kls_k\.m2\repository\jakarta\xml\bind\jakarta.xml.bind-api\4.0.0\jakarta.xml.bind-api-4.0.0.jar;C:\Users\kls_k\.m2\repository\jakarta\activation\jakarta.activation-api\2.1.1\jakarta.activation-api-2.1.1.jar;C:\Users\kls_k\.m2\repository\org\assertj\assertj-core\3.23.1\assertj-core-3.23.1.jar;C:\Users\kls_k\.m2\repository\org\hamcrest\hamcrest\2.2\hamcrest-2.2.jar;C:\Users\kls_k\.m2\repository\org\skyscreamer\jsonassert\1.5.1\jsonassert-1.5.1.jar;C:\Users\kls_k\.m2\repository\com\vaadin\external\google\android-json\0.0.20131108.vaadin1\android-json-0.0.20131108.vaadin1.jar;C:\Users\kls_k\.m2\repository\org\springframework\spring-test\6.0.8\spring-test-6.0.8.jar;C:\Users\kls_k\.m2\repository\org\xmlunit\xmlunit-core\2.9.1\xmlunit-core-2.9.1.jar;C:\Users\kls_k\.m2\repository\org\springframework\boot\spring-boot-starter\3.0.6\spring-boot-starter-3.0.6.jar;C:\Users\kls_k\.m2\repository\org\springframework\boot\spring-boot\3.0.6\spring-boot-3.0.6.jar;C:\Users\kls_k\.m2\repository\org\springframework\boot\spring-boot-autoconfigure\3.0.6\spring-boot-autoconfigure-3.0.6.jar;C:\Users\kls_k\.m2\repository\jakarta\annotation\jakarta.annotation-api\2.1.1\jakarta.annotation-api-2.1.1.jar;C:\Users\kls_k\.m2\repository\org\yaml\snakeyaml\1.33\snakeyaml-1.33.jar;C:\Users\kls_k\.m2\repository\org\springframework\security\spring-security-test\6.0.3\spring-security-test-6.0.3.jar;C:\Users\kls_k\.m2\repository\org\junit\jupiter\junit-jupiter\5.9.2\junit-jupiter-5.9.2.jar;C:\Users\kls_k\.m2\repository\org\junit\jupiter\junit-jupiter-params\5.9.2\junit-jupiter-params-5.9.2.jar;C:\Users\kls_k\.m2\repository\junit\junit\4.13.2\junit-4.13.2.jar;C:\Users\kls_k\.m2\repository\org\hamcrest\hamcrest-core\2.2\hamcrest-core-2.2.jar;C:\Users\kls_k\.m2\repository\org\junit\jupiter\junit-jupiter-api\5.9.2\junit-jupiter-api-5.9.2.jar;C:\Users\kls_k\.m2\repository\org\opentest4j\opentest4j\1.2.0\opentest4j-1.2.0.jar;C:\Users\kls_k\.m2\repository\org\junit\platform\junit-platform-commons\1.9.2\junit-platform-commons-1.9.2.jar;C:\Users\kls_k\.m2\repository\org\apiguardian\apiguardian-api\1.1.2\apiguardian-api-1.1.2.jar;C:\Users\kls_k\.m2\repository\org\jacoco\org.jacoco.agent\0.8.8\org.jacoco.agent-0.8.8.jar;C:\Users\kls_k\.m2\repository\org\junit\jupiter\junit-jupiter-engine\5.9.2\junit-jupiter-engine-5.9.2.jar;C:\Users\kls_k\.m2\repository\org\junit\platform\junit-platform-engine\1.9.2\junit-platform-engine-1.9.2.jar;C:\Users\kls_k\.m2\repository\org\mockito\mockito-junit-jupiter\5.2.0\mockito-junit-jupiter-5.2.0.jar;C:\Users\kls_k\.m2\repository\javax\servlet\javax.servlet-api\4.0.1\javax.servlet-api-4.0.1.jar;C:\Users\kls_k\.m2\repository\org\mockito\mockito-core\5.2.0\mockito-core-5.2.0.jar;C:\Users\kls_k\.m2\repository\net\bytebuddy\byte-buddy\1.12.23\byte-buddy-1.12.23.jar;C:\Users\kls_k\.m2\repository\net\bytebuddy\byte-buddy-agent\1.12.23\byte-buddy-agent-1.12.23.jar;C:\Users\kls_k\.m2\repository\org\objenesis\objenesis\3.3\objenesis-3.3.jar;C:\Users\kls_k\.m2\repository\org\hibernate\validator\hibernate-validator\8.0.0.Final\hibernate-validator-8.0.0.Final.jar;C:\Users\kls_k\.m2\repository\jakarta\validation\jakarta.validation-api\3.0.2\jakarta.validation-api-3.0.2.jar;C:\Users\kls_k\.m2\repository\org\jboss\logging\jboss-logging\3.5.0.Final\jboss-logging-3.5.0.Final.jar;C:\Users\kls_k\.m2\repository\com\fasterxml\classmate\1.5.1\classmate-1.5.1.jar;C:\Users\kls_k\.m2\repository\org\springframework\boot\spring-boot-starter-log4j2\3.0.6\spring-boot-starter-log4j2-3.0.6.jar;C:\Users\kls_k\.m2\repository\org\apache\logging\log4j\log4j-slf4j2-impl\2.19.0\log4j-slf4j2-impl-2.19.0.jar;C:\Users\kls_k\.m2\repository\org\apache\logging\log4j\log4j-api\2.19.0\log4j-api-2.19.0.jar;C:\Users\kls_k\.m2\repository\org\apache\logging\log4j\log4j-core\2.19.0\log4j-core-2.19.0.jar;C:\Users\kls_k\.m2\repository\org\apache\logging\log4j\log4j-jul\2.19.0\log4j-jul-2.19.0.jar;C:\Users\kls_k\.m2\repository\org\apache\maven\plugins\maven-javadoc-plugin\3.5.0\maven-javadoc-plugin-3.5.0.jar;C:\Users\kls_k\.m2\repository\javax\inject\javax.inject\1\javax.inject-1.jar;C:\Users\kls_k\.m2\repository\org\apache\maven\reporting\maven-reporting-api\3.1.1\maven-reporting-api-3.1.1.jar;C:\Users\kls_k\.m2\repository\org\apache\maven\maven-archiver\3.6.0\maven-archiver-3.6.0.jar;C:\Users\kls_k\.m2\repository\org\codehaus\plexus\plexus-io\3.4.0\plexus-io-3.4.0.jar;C:\Users\kls_k\.m2\repository\org\codehaus\plexus\plexus-archiver\4.4.0\plexus-archiver-4.4.0.jar;C:\Users\kls_k\.m2\repository\org\apache\commons\commons-compress\1.21\commons-compress-1.21.jar;C:\Users\kls_k\.m2\repository\org\iq80\snappy\snappy\0.4\snappy-0.4.jar;C:\Users\kls_k\.m2\repository\org\tukaani\xz\1.9\xz-1.9.jar;C:\Users\kls_k\.m2\repository\org\codehaus\plexus\plexus-interpolation\1.26\plexus-interpolation-1.26.jar;C:\Users\kls_k\.m2\repository\org\apache\maven\shared\maven-invoker\3.2.0\maven-invoker-3.2.0.jar;C:\Users\kls_k\.m2\repository\org\apache\maven\shared\maven-shared-utils\3.3.4\maven-shared-utils-3.3.4.jar;C:\Users\kls_k\.m2\repository\org\apache\maven\shared\maven-common-artifact-filters\3.2.0\maven-common-artifact-filters-3.2.0.jar;C:\Users\kls_k\.m2\repository\org\apache\maven\maven-artifact\3.1.1\maven-artifact-3.1.1.jar;C:\Users\kls_k\.m2\repository\org\apache\maven\maven-model\3.1.1\maven-model-3.1.1.jar;C:\Users\kls_k\.m2\repository\org\apache\maven\maven-core\3.1.1\maven-core-3.1.1.jar;C:\Users\kls_k\.m2\repository\org\apache\maven\maven-settings\3.1.1\maven-settings-3.1.1.jar;C:\Users\kls_k\.m2\repository\org\apache\maven\maven-settings-builder\3.1.1\maven-settings-builder-3.1.1.jar;C:\Users\kls_k\.m2\repository\org\apache\maven\maven-repository-metadata\3.1.1\maven-repository-metadata-3.1.1.jar;C:\Users\kls_k\.m2\repository\org\apache\maven\maven-model-builder\3.1.1\maven-model-builder-3.1.1.jar;C:\Users\kls_k\.m2\repository\org\apache\maven\maven-aether-provider\3.1.1\maven-aether-provider-3.1.1.jar;C:\Users\kls_k\.m2\repository\org\eclipse\aether\aether-spi\0.9.0.M2\aether-spi-0.9.0.M2.jar;C:\Users\kls_k\.m2\repository\org\eclipse\aether\aether-impl\0.9.0.M2\aether-impl-0.9.0.M2.jar;C:\Users\kls_k\.m2\repository\org\codehaus\plexus\plexus-classworlds\2.5.1\plexus-classworlds-2.5.1.jar;C:\Users\kls_k\.m2\repository\org\sonatype\plexus\plexus-sec-dispatcher\1.3\plexus-sec-dispatcher-1.3.jar;C:\Users\kls_k\.m2\repository\org\sonatype\plexus\plexus-cipher\1.4\plexus-cipher-1.4.jar;C:\Users\kls_k\.m2\repository\org\apache\maven\maven-plugin-api\3.1.1\maven-plugin-api-3.1.1.jar;C:\Users\kls_k\.m2\repository\org\eclipse\aether\aether-api\0.9.0.M2\aether-api-0.9.0.M2.jar;C:\Users\kls_k\.m2\repository\org\eclipse\aether\aether-util\0.9.0.M2\aether-util-0.9.0.M2.jar;C:\Users\kls_k\.m2\repository\org\eclipse\sisu\org.eclipse.sisu.plexus\0.0.0.M5\org.eclipse.sisu.plexus-0.0.0.M5.jar;C:\Users\kls_k\.m2\repository\javax\enterprise\cdi-api\1.0\cdi-api-1.0.jar;C:\Users\kls_k\.m2\repository\javax\annotation\jsr250-api\1.0\jsr250-api-1.0.jar;C:\Users\kls_k\.m2\repository\com\google\guava\guava\10.0.1\guava-10.0.1.jar;C:\Users\kls_k\.m2\repository\com\google\code\findbugs\jsr305\1.3.9\jsr305-1.3.9.jar;C:\Users\kls_k\.m2\repository\org\sonatype\sisu\sisu-guice\3.1.0\sisu-guice-3.1.0-no_aop.jar;C:\Users\kls_k\.m2\repository\aopalliance\aopalliance\1.0\aopalliance-1.0.jar;C:\Users\kls_k\.m2\repository\org\eclipse\sisu\org.eclipse.sisu.inject\0.0.0.M5\org.eclipse.sisu.inject-0.0.0.M5.jar;C:\Users\kls_k\.m2\repository\org\apache\maven\doxia\doxia-sink-api\1.11.1\doxia-sink-api-1.11.1.jar;C:\Users\kls_k\.m2\repository\org\apache\maven\doxia\doxia-logging-api\1.11.1\doxia-logging-api-1.11.1.jar;C:\Users\kls_k\.m2\repository\org\apache\maven\doxia\doxia-site-renderer\1.11.1\doxia-site-renderer-1.11.1.jar;C:\Users\kls_k\.m2\repository\org\apache\maven\doxia\doxia-core\1.11.1\doxia-core-1.11.1.jar;C:\Users\kls_k\.m2\repository\org\apache\maven\doxia\doxia-decoration-model\1.11.1\doxia-decoration-model-1.11.1.jar;C:\Users\kls_k\.m2\repository\org\apache\maven\doxia\doxia-skin-model\1.11.1\doxia-skin-model-1.11.1.jar;C:\Users\kls_k\.m2\repository\org\apache\maven\doxia\doxia-module-xhtml\1.11.1\doxia-module-xhtml-1.11.1.jar;C:\Users\kls_k\.m2\repository\org\apache\maven\doxia\doxia-module-xhtml5\1.11.1\doxia-module-xhtml5-1.11.1.jar;C:\Users\kls_k\.m2\repository\org\codehaus\plexus\plexus-component-annotations\2.0.0\plexus-component-annotations-2.0.0.jar;C:\Users\kls_k\.m2\repository\org\codehaus\plexus\plexus-i18n\1.0-beta-10\plexus-i18n-1.0-beta-10.jar;C:\Users\kls_k\.m2\repository\org\codehaus\plexus\plexus-container-default\1.0-alpha-30\plexus-container-default-1.0-alpha-30.jar;C:\Users\kls_k\.m2\repository\org\codehaus\plexus\plexus-velocity\1.2\plexus-velocity-1.2.jar;C:\Users\kls_k\.m2\repository\org\apache\velocity\velocity\1.7\velocity-1.7.jar;C:\Users\kls_k\.m2\repository\commons-lang\commons-lang\2.4\commons-lang-2.4.jar;C:\Users\kls_k\.m2\repository\org\apache\velocity\velocity-tools\2.0\velocity-tools-2.0.jar;C:\Users\kls_k\.m2\repository\commons-beanutils\commons-beanutils\1.7.0\commons-beanutils-1.7.0.jar;C:\Users\kls_k\.m2\repository\commons-digester\commons-digester\1.8\commons-digester-1.8.jar;C:\Users\kls_k\.m2\repository\commons-chain\commons-chain\1.1\commons-chain-1.1.jar;C:\Users\kls_k\.m2\repository\commons-logging\commons-logging\1.1\commons-logging-1.1.jar;C:\Users\kls_k\.m2\repository\dom4j\dom4j\1.1\dom4j-1.1.jar;C:\Users\kls_k\.m2\repository\oro\oro\2.0.8\oro-2.0.8.jar;C:\Users\kls_k\.m2\repository\commons-collections\commons-collections\3.2.2\commons-collections-3.2.2.jar;C:\Users\kls_k\.m2\repository\org\apache\maven\wagon\wagon-provider-api\2.4\wagon-provider-api-2.4.jar;C:\Users\kls_k\.m2\repository\org\apache\commons\commons-lang3\3.12.0\commons-lang3-3.12.0.jar;C:\Users\kls_k\.m2\repository\org\apache\commons\commons-text\1.10.0\commons-text-1.10.0.jar;C:\Users\kls_k\.m2\repository\org\apache\httpcomponents\httpclient\4.5.14\httpclient-4.5.14.jar;C:\Users\kls_k\.m2\repository\commons-codec\commons-codec\1.15\commons-codec-1.15.jar;C:\Users\kls_k\.m2\repository\org\apache\httpcomponents\httpcore\4.4.16\httpcore-4.4.16.jar;C:\Users\kls_k\.m2\repository\com\thoughtworks\qdox\qdox\2.0.3\qdox-2.0.3.jar;C:\Users\kls_k\.m2\repository\org\codehaus\plexus\plexus-java\1.1.2\plexus-java-1.1.2.jar;C:\Users\kls_k\.m2\repository\org\ow2\asm\asm\9.4\asm-9.4.jar;C:\Users\kls_k\.m2\repository\org\codehaus\plexus\plexus-utils\3.5.0\plexus-utils-3.5.0.jar;C:\Users\kls_k\.m2\repository\commons-io\commons-io\2.11.0\commons-io-2.11.0.jar;C:\Users\kls_k\.m2\repository\org\codehaus\plexus\plexus-interactivity-api\1.1\plexus-interactivity-api-1.1.jar;"/>
    <property name="java.vm.vendor" value="Oracle Corporation"/>
    <property name="sun.arch.data.model" value="64"/>
    <property name="user.variant" value=""/>
    <property name="java.vendor.url" value="https://java.oracle.com/"/>
    <property name="user.timezone" value="Europe/Paris"/>
    <property name="os.name" value="Windows 11"/>
    <property name="java.vm.specification.version" value="17"/>
    <property name="sun.java.launcher" value="SUN_STANDARD"/>
    <property name="user.country" value="FR"/>
    <property name="sun.boot.library.path" value="C:\Program Files\Java\jdk-17\bin"/>
    <property name="sun.java.command" value="C:\Users\kls_k\AppData\Local\Temp\surefire13605064656919569400\surefirebooter17484943296979651819.jar C:\Users\kls_k\AppData\Local\Temp\surefire13605064656919569400 2024-02-14T18-21-10_653-jvmRun1 surefire16847005670716936427tmp surefire_05420131241575353456tmp"/>
    <property name="jdk.debug" value="release"/>
    <property name="surefire.test.class.path" value="c:\Users\kls_k\OneDrive\Documents\GitHub\JavaDA_PROJECT7_RESTAPI\target\test-classes;c:\Users\kls_k\OneDrive\Documents\GitHub\JavaDA_PROJECT7_RESTAPI\target\classes;C:\Users\kls_k\.m2\repository\org\springframework\boot\spring-boot-starter-security\3.0.6\spring-boot-starter-security-3.0.6.jar;C:\Users\kls_k\.m2\repository\org\springframework\spring-aop\6.0.8\spring-aop-6.0.8.jar;C:\Users\kls_k\.m2\repository\org\springframework\security\spring-security-web\6.0.3\spring-security-web-6.0.3.jar;C:\Users\kls_k\.m2\repository\org\springframework\spring-expression\6.0.8\spring-expression-6.0.8.jar;C:\Users\kls_k\.m2\repository\org\springframework\security\spring-security-config\6.0.3\spring-security-config-6.0.3.jar;C:\Users\kls_k\.m2\repository\org\springframework\security\spring-security-core\6.0.3\spring-security-core-6.0.3.jar;C:\Users\kls_k\.m2\repository\org\springframework\security\spring-security-crypto\6.0.3\spring-security-crypto-6.0.3.jar;C:\Users\kls_k\.m2\repository\io\micrometer\micrometer-observation\1.10.6\micrometer-observation-1.10.6.jar;C:\Users\kls_k\.m2\repository\io\micrometer\micrometer-commons\1.10.6\micrometer-commons-1.10.6.jar;C:\Users\kls_k\.m2\repository\org\springframework\spring-beans\6.0.8\spring-beans-6.0.8.jar;C:\Users\kls_k\.m2\repository\org\springframework\spring-context\6.0.8\spring-context-6.0.8.jar;C:\Users\kls_k\.m2\repository\org\springframework\spring-core\6.0.8\spring-core-6.0.8.jar;C:\Users\kls_k\.m2\repository\org\springframework\spring-jcl\6.0.8\spring-jcl-6.0.8.jar;C:\Users\kls_k\.m2\repository\org\springframework\boot\spring-boot-starter-web\3.0.6\spring-boot-starter-web-3.0.6.jar;C:\Users\kls_k\.m2\repository\org\springframework\boot\spring-boot-starter-json\3.0.6\spring-boot-starter-json-3.0.6.jar;C:\Users\kls_k\.m2\repository\com\fasterxml\jackson\core\jackson-databind\2.14.2\jackson-databind-2.14.2.jar;C:\Users\kls_k\.m2\repository\com\fasterxml\jackson\core\jackson-annotations\2.14.2\jackson-annotations-2.14.2.jar;C:\Users\kls_k\.m2\repository\com\fasterxml\jackson\core\jackson-core\2.14.2\jackson-core-2.14.2.jar;C:\Users\kls_k\.m2\repository\com\fasterxml\jackson\datatype\jackson-datatype-jdk8\2.14.2\jackson-datatype-jdk8-2.14.2.jar;C:\Users\kls_k\.m2\repository\com\fasterxml\jackson\datatype\jackson-datatype-jsr310\2.14.2\jackson-datatype-jsr310-2.14.2.jar;C:\Users\kls_k\.m2\repository\com\fasterxml\jackson\module\jackson-module-parameter-names\2.14.2\jackson-module-parameter-names-2.14.2.jar;C:\Users\kls_k\.m2\repository\org\springframework\boot\spring-boot-starter-tomcat\3.0.6\spring-boot-starter-tomcat-3.0.6.jar;C:\Users\kls_k\.m2\repository\org\apache\tomcat\embed\tomcat-embed-core\10.1.8\tomcat-embed-core-10.1.8.jar;C:\Users\kls_k\.m2\repository\org\apache\tomcat\embed\tomcat-embed-el\10.1.8\tomcat-embed-el-10.1.8.jar;C:\Users\kls_k\.m2\repository\org\apache\tomcat\embed\tomcat-embed-websocket\10.1.8\tomcat-embed-websocket-10.1.8.jar;C:\Users\kls_k\.m2\repository\org\springframework\spring-web\6.0.8\spring-web-6.0.8.jar;C:\Users\kls_k\.m2\repository\org\springframework\spring-webmvc\6.0.8\spring-webmvc-6.0.8.jar;C:\Users\kls_k\.m2\repository\org\springframework\boot\spring-boot-starter-data-jpa\3.0.6\spring-boot-starter-data-jpa-3.0.6.jar;C:\Users\kls_k\.m2\repository\org\springframework\boot\spring-boot-starter-aop\3.0.6\spring-boot-starter-aop-3.0.6.jar;C:\Users\kls_k\.m2\repository\org\aspectj\aspectjweaver\1.9.19\aspectjweaver-1.9.19.jar;C:\Users\kls_k\.m2\repository\org\springframework\boot\spring-boot-starter-jdbc\3.0.6\spring-boot-starter-jdbc-3.0.6.jar;C:\Users\kls_k\.m2\repository\com\zaxxer\HikariCP\5.0.1\HikariCP-5.0.1.jar;C:\Users\kls_k\.m2\repository\org\springframework\spring-jdbc\6.0.8\spring-jdbc-6.0.8.jar;C:\Users\kls_k\.m2\repository\org\hibernate\orm\hibernate-core\6.1.7.Final\hibernate-core-6.1.7.Final.jar;C:\Users\kls_k\.m2\repository\jakarta\persistence\jakarta.persistence-api\3.1.0\jakarta.persistence-api-3.1.0.jar;C:\Users\kls_k\.m2\repository\jakarta\transaction\jakarta.transaction-api\2.0.1\jakarta.transaction-api-2.0.1.jar;C:\Users\kls_k\.m2\repository\org\hibernate\common\hibernate-commons-annotations\6.0.6.Final\hibernate-commons-annotations-6.0.6.Final.jar;C:\Users\kls_k\.m2\repository\org\jboss\jandex\2.4.2.Final\jandex-2.4.2.Final.jar;C:\Users\kls_k\.m2\repository\org\glassfish\jaxb\jaxb-runtime\4.0.2\jaxb-runtime-4.0.2.jar;C:\Users\kls_k\.m2\repository\org\glassfish\jaxb\jaxb-core\4.0.2\jaxb-core-4.0.2.jar;C:\Users\kls_k\.m2\repository\org\eclipse\angus\angus-activation\2.0.0\angus-activation-2.0.0.jar;C:\Users\kls_k\.m2\repository\org\glassfish\jaxb\txw2\4.0.2\txw2-4.0.2.jar;C:\Users\kls_k\.m2\repository\com\sun\istack\istack-commons-runtime\4.1.1\istack-commons-runtime-4.1.1.jar;C:\Users\kls_k\.m2\repository\jakarta\inject\jakarta.inject-api\2.0.0\jakarta.inject-api-2.0.0.jar;C:\Users\kls_k\.m2\repository\org\antlr\antlr4-runtime\4.10.1\antlr4-runtime-4.10.1.jar;C:\Users\kls_k\.m2\repository\org\springframework\data\spring-data-jpa\3.0.5\spring-data-jpa-3.0.5.jar;C:\Users\kls_k\.m2\repository\org\springframework\data\spring-data-commons\3.0.5\spring-data-commons-3.0.5.jar;C:\Users\kls_k\.m2\repository\org\springframework\spring-orm\6.0.8\spring-orm-6.0.8.jar;C:\Users\kls_k\.m2\repository\org\springframework\spring-tx\6.0.8\spring-tx-6.0.8.jar;C:\Users\kls_k\.m2\repository\org\slf4j\slf4j-api\2.0.7\slf4j-api-2.0.7.jar;C:\Users\kls_k\.m2\repository\org\springframework\spring-aspects\6.0.8\spring-aspects-6.0.8.jar;C:\Users\kls_k\.m2\repository\com\mysql\mysql-connector-j\8.0.33\mysql-connector-j-8.0.33.jar;C:\Users\kls_k\.m2\repository\org\springframework\boot\spring-boot-starter-thymeleaf\3.0.6\spring-boot-starter-thymeleaf-3.0.6.jar;C:\Users\kls_k\.m2\repository\org\thymeleaf\thymeleaf-spring6\3.1.1.RELEASE\thymeleaf-spring6-3.1.1.RELEASE.jar;C:\Users\kls_k\.m2\repository\org\thymeleaf\thymeleaf\3.1.1.RELEASE\thymeleaf-3.1.1.RELEASE.jar;C:\Users\kls_k\.m2\repository\org\attoparser\attoparser\2.0.6.RELEASE\attoparser-2.0.6.RELEASE.jar;C:\Users\kls_k\.m2\repository\org\unbescape\unbescape\1.1.6.RELEASE\unbescape-1.1.6.RELEASE.jar;C:\Users\kls_k\.m2\repository\org\springframework\boot\spring-boot-starter-test\3.0.6\spring-boot-starter-test-3.0.6.jar;C:\Users\kls_k\.m2\repository\org\springframework\boot\spring-boot-test\3.0.6\spring-boot-test-3.0.6.jar;C:\Users\kls_k\.m2\repository\org\springframework\boot\spring-boot-test-autoconfigure\3.0.6\spring-boot-test-autoconfigure-3.0.6.jar;C:\Users\kls_k\.m2\repository\com\jayway\jsonpath\json-path\2.7.0\json-path-2.7.0.jar;C:\Users\kls_k\.m2\repository\net\minidev\json-smart\2.4.10\json-smart-2.4.10.jar;C:\Users\kls_k\.m2\repository\net\minidev\accessors-smart\2.4.9\accessors-smart-2.4.9.jar;C:\Users\kls_k\.m2\repository\jakarta\xml\bind\jakarta.xml.bind-api\4.0.0\jakarta.xml.bind-api-4.0.0.jar;C:\Users\kls_k\.m2\repository\jakarta\activation\jakarta.activation-api\2.1.1\jakarta.activation-api-2.1.1.jar;C:\Users\kls_k\.m2\repository\org\assertj\assertj-core\3.23.1\assertj-core-3.23.1.jar;C:\Users\kls_k\.m2\repository\org\hamcrest\hamcrest\2.2\hamcrest-2.2.jar;C:\Users\kls_k\.m2\repository\org\skyscreamer\jsonassert\1.5.1\jsonassert-1.5.1.jar;C:\Users\kls_k\.m2\repository\com\vaadin\external\google\android-json\0.0.20131108.vaadin1\android-json-0.0.20131108.vaadin1.jar;C:\Users\kls_k\.m2\repository\org\springframework\spring-test\6.0.8\spring-test-6.0.8.jar;C:\Users\kls_k\.m2\repository\org\xmlunit\xmlunit-core\2.9.1\xmlunit-core-2.9.1.jar;C:\Users\kls_k\.m2\repository\org\springframework\boot\spring-boot-starter\3.0.6\spring-boot-starter-3.0.6.jar;C:\Users\kls_k\.m2\repository\org\springframework\boot\spring-boot\3.0.6\spring-boot-3.0.6.jar;C:\Users\kls_k\.m2\repository\org\springframework\boot\spring-boot-autoconfigure\3.0.6\spring-boot-autoconfigure-3.0.6.jar;C:\Users\kls_k\.m2\repository\jakarta\annotation\jakarta.annotation-api\2.1.1\jakarta.annotation-api-2.1.1.jar;C:\Users\kls_k\.m2\repository\org\yaml\snakeyaml\1.33\snakeyaml-1.33.jar;C:\Users\kls_k\.m2\repository\org\springframework\security\spring-security-test\6.0.3\spring-security-test-6.0.3.jar;C:\Users\kls_k\.m2\repository\org\junit\jupiter\junit-jupiter\5.9.2\junit-jupiter-5.9.2.jar;C:\Users\kls_k\.m2\repository\org\junit\jupiter\junit-jupiter-params\5.9.2\junit-jupiter-params-5.9.2.jar;C:\Users\kls_k\.m2\repository\junit\junit\4.13.2\junit-4.13.2.jar;C:\Users\kls_k\.m2\repository\org\hamcrest\hamcrest-core\2.2\hamcrest-core-2.2.jar;C:\Users\kls_k\.m2\repository\org\junit\jupiter\junit-jupiter-api\5.9.2\junit-jupiter-api-5.9.2.jar;C:\Users\kls_k\.m2\repository\org\opentest4j\opentest4j\1.2.0\opentest4j-1.2.0.jar;C:\Users\kls_k\.m2\repository\org\junit\platform\junit-platform-commons\1.9.2\junit-platform-commons-1.9.2.jar;C:\Users\kls_k\.m2\repository\org\apiguardian\apiguardian-api\1.1.2\apiguardian-api-1.1.2.jar;C:\Users\kls_k\.m2\repository\org\jacoco\org.jacoco.agent\0.8.8\org.jacoco.agent-0.8.8.jar;C:\Users\kls_k\.m2\repository\org\junit\jupiter\junit-jupiter-engine\5.9.2\junit-jupiter-engine-5.9.2.jar;C:\Users\kls_k\.m2\repository\org\junit\platform\junit-platform-engine\1.9.2\junit-platform-engine-1.9.2.jar;C:\Users\kls_k\.m2\repository\org\mockito\mockito-junit-jupiter\5.2.0\mockito-junit-jupiter-5.2.0.jar;C:\Users\kls_k\.m2\repository\javax\servlet\javax.servlet-api\4.0.1\javax.servlet-api-4.0.1.jar;C:\Users\kls_k\.m2\repository\org\mockito\mockito-core\5.2.0\mockito-core-5.2.0.jar;C:\Users\kls_k\.m2\repository\net\bytebuddy\byte-buddy\1.12.23\byte-buddy-1.12.23.jar;C:\Users\kls_k\.m2\repository\net\bytebuddy\byte-buddy-agent\1.12.23\byte-buddy-agent-1.12.23.jar;C:\Users\kls_k\.m2\repository\org\objenesis\objenesis\3.3\objenesis-3.3.jar;C:\Users\kls_k\.m2\repository\org\hibernate\validator\hibernate-validator\8.0.0.Final\hibernate-validator-8.0.0.Final.jar;C:\Users\kls_k\.m2\repository\jakarta\validation\jakarta.validation-api\3.0.2\jakarta.validation-api-3.0.2.jar;C:\Users\kls_k\.m2\repository\org\jboss\logging\jboss-logging\3.5.0.Final\jboss-logging-3.5.0.Final.jar;C:\Users\kls_k\.m2\repository\com\fasterxml\classmate\1.5.1\classmate-1.5.1.jar;C:\Users\kls_k\.m2\repository\org\springframework\boot\spring-boot-starter-log4j2\3.0.6\spring-boot-starter-log4j2-3.0.6.jar;C:\Users\kls_k\.m2\repository\org\apache\logging\log4j\log4j-slf4j2-impl\2.19.0\log4j-slf4j2-impl-2.19.0.jar;C:\Users\kls_k\.m2\repository\org\apache\logging\log4j\log4j-api\2.19.0\log4j-api-2.19.0.jar;C:\Users\kls_k\.m2\repository\org\apache\logging\log4j\log4j-core\2.19.0\log4j-core-2.19.0.jar;C:\Users\kls_k\.m2\repository\org\apache\logging\log4j\log4j-jul\2.19.0\log4j-jul-2.19.0.jar;C:\Users\kls_k\.m2\repository\org\apache\maven\plugins\maven-javadoc-plugin\3.5.0\maven-javadoc-plugin-3.5.0.jar;C:\Users\kls_k\.m2\repository\javax\inject\javax.inject\1\javax.inject-1.jar;C:\Users\kls_k\.m2\repository\org\apache\maven\reporting\maven-reporting-api\3.1.1\maven-reporting-api-3.1.1.jar;C:\Users\kls_k\.m2\repository\org\apache\maven\maven-archiver\3.6.0\maven-archiver-3.6.0.jar;C:\Users\kls_k\.m2\repository\org\codehaus\plexus\plexus-io\3.4.0\plexus-io-3.4.0.jar;C:\Users\kls_k\.m2\repository\org\codehaus\plexus\plexus-archiver\4.4.0\plexus-archiver-4.4.0.jar;C:\Users\kls_k\.m2\repository\org\apache\commons\commons-compress\1.21\commons-compress-1.21.jar;C:\Users\kls_k\.m2\repository\org\iq80\snappy\snappy\0.4\snappy-0.4.jar;C:\Users\kls_k\.m2\repository\org\tukaani\xz\1.9\xz-1.9.jar;C:\Users\kls_k\.m2\repository\org\codehaus\plexus\plexus-interpolation\1.26\plexus-interpolation-1.26.jar;C:\Users\kls_k\.m2\repository\org\apache\maven\shared\maven-invoker\3.2.0\maven-invoker-3.2.0.jar;C:\Users\kls_k\.m2\repository\org\apache\maven\shared\maven-shared-utils\3.3.4\maven-shared-utils-3.3.4.jar;C:\Users\kls_k\.m2\repository\org\apache\maven\shared\maven-common-artifact-filters\3.2.0\maven-common-artifact-filters-3.2.0.jar;C:\Users\kls_k\.m2\repository\org\apache\maven\maven-artifact\3.1.1\maven-artifact-3.1.1.jar;C:\Users\kls_k\.m2\repository\org\apache\maven\maven-model\3.1.1\maven-model-3.1.1.jar;C:\Users\kls_k\.m2\repository\org\apache\maven\maven-core\3.1.1\maven-core-3.1.1.jar;C:\Users\kls_k\.m2\repository\org\apache\maven\maven-settings\3.1.1\maven-settings-3.1.1.jar;C:\Users\kls_k\.m2\repository\org\apache\maven\maven-settings-builder\3.1.1\maven-settings-builder-3.1.1.jar;C:\Users\kls_k\.m2\repository\org\apache\maven\maven-repository-metadata\3.1.1\maven-repository-metadata-3.1.1.jar;C:\Users\kls_k\.m2\repository\org\apache\maven\maven-model-builder\3.1.1\maven-model-builder-3.1.1.jar;C:\Users\kls_k\.m2\repository\org\apache\maven\maven-aether-provider\3.1.1\maven-aether-provider-3.1.1.jar;C:\Users\kls_k\.m2\repository\org\eclipse\aether\aether-spi\0.9.0.M2\aether-spi-0.9.0.M2.jar;C:\Users\kls_k\.m2\repository\org\eclipse\aether\aether-impl\0.9.0.M2\aether-impl-0.9.0.M2.jar;C:\Users\kls_k\.m2\repository\org\codehaus\plexus\plexus-classworlds\2.5.1\plexus-classworlds-2.5.1.jar;C:\Users\kls_k\.m2\repository\org\sonatype\plexus\plexus-sec-dispatcher\1.3\plexus-sec-dispatcher-1.3.jar;C:\Users\kls_k\.m2\repository\org\sonatype\plexus\plexus-cipher\1.4\plexus-cipher-1.4.jar;C:\Users\kls_k\.m2\repository\org\apache\maven\maven-plugin-api\3.1.1\maven-plugin-api-3.1.1.jar;C:\Users\kls_k\.m2\repository\org\eclipse\aether\aether-api\0.9.0.M2\aether-api-0.9.0.M2.jar;C:\Users\kls_k\.m2\repository\org\eclipse\aether\aether-util\0.9.0.M2\aether-util-0.9.0.M2.jar;C:\Users\kls_k\.m2\repository\org\eclipse\sisu\org.eclipse.sisu.plexus\0.0.0.M5\org.eclipse.sisu.plexus-0.0.0.M5.jar;C:\Users\kls_k\.m2\repository\javax\enterprise\cdi-api\1.0\cdi-api-1.0.jar;C:\Users\kls_k\.m2\repository\javax\annotation\jsr250-api\1.0\jsr250-api-1.0.jar;C:\Users\kls_k\.m2\repository\com\google\guava\guava\10.0.1\guava-10.0.1.jar;C:\Users\kls_k\.m2\repository\com\google\code\findbugs\jsr305\1.3.9\jsr305-1.3.9.jar;C:\Users\kls_k\.m2\repository\org\sonatype\sisu\sisu-guice\3.1.0\sisu-guice-3.1.0-no_aop.jar;C:\Users\kls_k\.m2\repository\aopalliance\aopalliance\1.0\aopalliance-1.0.jar;C:\Users\kls_k\.m2\repository\org\eclipse\sisu\org.eclipse.sisu.inject\0.0.0.M5\org.eclipse.sisu.inject-0.0.0.M5.jar;C:\Users\kls_k\.m2\repository\org\apache\maven\doxia\doxia-sink-api\1.11.1\doxia-sink-api-1.11.1.jar;C:\Users\kls_k\.m2\repository\org\apache\maven\doxia\doxia-logging-api\1.11.1\doxia-logging-api-1.11.1.jar;C:\Users\kls_k\.m2\repository\org\apache\maven\doxia\doxia-site-renderer\1.11.1\doxia-site-renderer-1.11.1.jar;C:\Users\kls_k\.m2\repository\org\apache\maven\doxia\doxia-core\1.11.1\doxia-core-1.11.1.jar;C:\Users\kls_k\.m2\repository\org\apache\maven\doxia\doxia-decoration-model\1.11.1\doxia-decoration-model-1.11.1.jar;C:\Users\kls_k\.m2\repository\org\apache\maven\doxia\doxia-skin-model\1.11.1\doxia-skin-model-1.11.1.jar;C:\Users\kls_k\.m2\repository\org\apache\maven\doxia\doxia-module-xhtml\1.11.1\doxia-module-xhtml-1.11.1.jar;C:\Users\kls_k\.m2\repository\org\apache\maven\doxia\doxia-module-xhtml5\1.11.1\doxia-module-xhtml5-1.11.1.jar;C:\Users\kls_k\.m2\repository\org\codehaus\plexus\plexus-component-annotations\2.0.0\plexus-component-annotations-2.0.0.jar;C:\Users\kls_k\.m2\repository\org\codehaus\plexus\plexus-i18n\1.0-beta-10\plexus-i18n-1.0-beta-10.jar;C:\Users\kls_k\.m2\repository\org\codehaus\plexus\plexus-container-default\1.0-alpha-30\plexus-container-default-1.0-alpha-30.jar;C:\Users\kls_k\.m2\repository\org\codehaus\plexus\plexus-velocity\1.2\plexus-velocity-1.2.jar;C:\Users\kls_k\.m2\repository\org\apache\velocity\velocity\1.7\velocity-1.7.jar;C:\Users\kls_k\.m2\repository\commons-lang\commons-lang\2.4\commons-lang-2.4.jar;C:\Users\kls_k\.m2\repository\org\apache\velocity\velocity-tools\2.0\velocity-tools-2.0.jar;C:\Users\kls_k\.m2\repository\commons-beanutils\commons-beanutils\1.7.0\commons-beanutils-1.7.0.jar;C:\Users\kls_k\.m2\repository\commons-digester\commons-digester\1.8\commons-digester-1.8.jar;C:\Users\kls_k\.m2\repository\commons-chain\commons-chain\1.1\commons-chain-1.1.jar;C:\Users\kls_k\.m2\repository\commons-logging\commons-logging\1.1\commons-logging-1.1.jar;C:\Users\kls_k\.m2\repository\dom4j\dom4j\1.1\dom4j-1.1.jar;C:\Users\kls_k\.m2\repository\oro\oro\2.0.8\oro-2.0.8.jar;C:\Users\kls_k\.m2\repository\commons-collections\commons-collections\3.2.2\commons-collections-3.2.2.jar;C:\Users\kls_k\.m2\repository\org\apache\maven\wagon\wagon-provider-api\2.4\wagon-provider-api-2.4.jar;C:\Users\kls_k\.m2\repository\org\apache\commons\commons-lang3\3.12.0\commons-lang3-3.12.0.jar;C:\Users\kls_k\.m2\repository\org\apache\commons\commons-text\1.10.0\commons-text-1.10.0.jar;C:\Users\kls_k\.m2\repository\org\apache\httpcomponents\httpclient\4.5.14\httpclient-4.5.14.jar;C:\Users\kls_k\.m2\repository\commons-codec\commons-codec\1.15\commons-codec-1.15.jar;C:\Users\kls_k\.m2\repository\org\apache\httpcomponents\httpcore\4.4.16\httpcore-4.4.16.jar;C:\Users\kls_k\.m2\repository\com\thoughtworks\qdox\qdox\2.0.3\qdox-2.0.3.jar;C:\Users\kls_k\.m2\repository\org\codehaus\plexus\plexus-java\1.1.2\plexus-java-1.1.2.jar;C:\Users\kls_k\.m2\repository\org\ow2\asm\asm\9.4\asm-9.4.jar;C:\Users\kls_k\.m2\repository\org\codehaus\plexus\plexus-utils\3.5.0\plexus-utils-3.5.0.jar;C:\Users\kls_k\.m2\repository\commons-io\commons-io\2.11.0\commons-io-2.11.0.jar;C:\Users\kls_k\.m2\repository\org\codehaus\plexus\plexus-interactivity-api\1.1\plexus-interactivity-api-1.1.jar;"/>
    <property name="sun.cpu.endian" value="little"/>
    <property name="user.home" value="C:\Users\kls_k"/>
    <property name="user.language" value="fr"/>
    <property name="java.specification.vendor" value="Oracle Corporation"/>
    <property name="java.version.date" value="2023-10-17"/>
    <property name="java.home" value="C:\Program Files\Java\jdk-17"/>
    <property name="file.separator" value="\"/>
    <property name="basedir" value="c:\Users\kls_k\OneDrive\Documents\GitHub\JavaDA_PROJECT7_RESTAPI"/>
    <property name="java.vm.compressedOopsMode" value="Zero based"/>
    <property name="line.separator" value="&#10;"/>
    <property name="java.vm.specification.vendor" value="Oracle Corporation"/>
    <property name="java.specification.name" value="Java Platform API Specification"/>
    <property name="surefire.real.class.path" value="C:\Users\kls_k\AppData\Local\Temp\surefire13605064656919569400\surefirebooter17484943296979651819.jar"/>
    <property name="user.script" value=""/>
    <property name="sun.management.compiler" value="HotSpot 64-Bit Tiered Compilers"/>
    <property name="java.runtime.version" value="17.0.9+11-LTS-201"/>
    <property name="user.name" value="kls_k"/>
    <property name="path.separator" value=";"/>
    <property name="os.version" value="10.0"/>
    <property name="java.runtime.name" value="Java(TM) SE Runtime Environment"/>
    <property name="file.encoding" value="Cp1252"/>
    <property name="java.vm.name" value="Java HotSpot(TM) 64-Bit Server VM"/>
    <property name="localRepository" value="C:\Users\kls_k\.m2\repository"/>
    <property name="java.vendor.url.bug" value="https://bugreport.java.com/bugreport/"/>
    <property name="java.io.tmpdir" value="C:\Users\kls_k\AppData\Local\Temp\"/>
    <property name="java.version" value="17.0.9"/>
    <property name="user.dir" value="c:\Users\kls_k\OneDrive\Documents\GitHub\JavaDA_PROJECT7_RESTAPI"/>
    <property name="os.arch" value="amd64"/>
    <property name="java.vm.specification.name" value="Java Virtual Machine Specification"/>
    <property name="sun.os.patch.level" value=""/>
    <property name="native.encoding" value="Cp1252"/>
    <property name="java.library.path" value="C:\Program Files\Java\jdk-17\bin;C:\WINDOWS\Sun\Java\bin;C:\WINDOWS\system32;C:\WINDOWS;C:\Program Files\Java\jdk-17\bin;c:\Users\kls_k\AppData\Roaming\Code\User\globalStorage\pleiades.java-extension-pack-jdk\maven\latest\bin;c:\Users\kls_k\AppData\Roaming\Code\User\globalStorage\pleiades.java-extension-pack-jdk\gradle\latest\bin;C:\Program Files\Eclipse Adoptium\jdk-17.0.8.101-hotspot\bin;C:\Program Files\Eclipse Adoptium\jdk-21.0.0.35-hotspot\bin;C:\Program Files\Microsoft\jdk-11.0.16.101-hotspot\bin;C:\Program Files\Common Files\Oracle\Java\javapath;C:\Program Files (x86)\Common Files\Oracle\Java\javapath;C:\Windows\system32;C:\Windows;C:\Windows\System32\Wbem;C:\Windows\System32\WindowsPowerShell\v1.0\;C:\Windows\System32\OpenSSH\;C:\Program Files\NVIDIA Corporation\NVIDIA NvDLISR;C:\WINDOWS\system32;C:\WINDOWS;C:\WINDOWS\System32\Wbem;C:\WINDOWS\System32\WindowsPowerShell\v1.0\;C:\WINDOWS\System32\OpenSSH\;C:\Program Files (x86)\NVIDIA Corporation\PhysX\Common;C:\Program Files\Microsoft SQL Server\150\Tools\Binn\;C:\Program Files\Microsoft SQL Server\Client SDK\ODBC\170\Tools\Binn\;C:\Program Files\dotnet\;C:\Program Files\Git\cmd;C:\Program Files (x86)\PowerShell\7\;C:\Program Files\Java\jdk-17.0.3.1\bin;C:\Program Files (x86)\Microsoft SQL Server\150\Tools\Binn\;C:\Program Files\Microsoft SQL Server\150\DTS\Binn\;C:\WINDOWS\system32;C:\WINDOWS;C:\WINDOWS\System32\Wbem;C:\WINDOWS\System32\WindowsPowerShell\v1.0\;C:\WINDOWS\System32\OpenSSH\;C:\Program Files\apache-maven-3.8.6\bin;C:\Program Files\MySQL\MySQL Shell 8.0\bin\;C:\Users\kls_k\AppData\Local\Microsoft\WindowsApps;C:\Users\kls_k\.dotnet\tools;C:\Program Files\Java\jdk-17.0.3.1\bin;C:\Program Files\apache-maven-3.8.6\bin;C:\Program Files\JetBrains\IntelliJ IDEA 2021.2\bin;;C:\Users\kls_k\AppData\Local\Programs\Microsoft VS Code\bin;C:\Users\kls_k\AppData\Local\GitHubDesktop\bin;."/>
    <property name="java.vm.info" value="mixed mode, sharing"/>
    <property name="java.vendor" value="Oracle Corporation"/>
    <property name="java.vm.version" value="17.0.9+11-LTS-201"/>
    <property name="sun.io.unicode.encoding" value="UnicodeLittle"/>
    <property name="java.class.version" value="61.0"/>
  </properties>
  <testcase name="testHome" classname="com.nnk.springboot.HomeControllerTests" time="0.032"/>
</testsuite>